\BOOKMARK [0][-]{chapter.1}{Introduction}{}% 1
\BOOKMARK [1][-]{section.1.1}{Motivation}{chapter.1}% 2
\BOOKMARK [1][-]{section.1.2}{Dangling pointers}{chapter.1}% 3
\BOOKMARK [1][-]{section.1.3}{Prior art}{chapter.1}% 4
\BOOKMARK [1][-]{section.1.4}{Background}{chapter.1}% 5
\BOOKMARK [0][-]{chapter.2}{Evaluation}{}% 6
\BOOKMARK [0][-]{chapter.3}{The memory allocation design}{}% 7
\BOOKMARK [1][-]{section.3.1}{Physical and virtual memory}{chapter.3}% 8
\BOOKMARK [1][-]{section.3.2}{Virtual aliasing}{chapter.3}% 9
\BOOKMARK [0][-]{chapter.4}{Implementation}{}% 10
\BOOKMARK [1][-]{section.4.1}{Virtualization}{chapter.4}% 11
\BOOKMARK [1][-]{section.4.2}{Physical memory allocation}{chapter.4}% 12
\BOOKMARK [1][-]{section.4.3}{Virtual memory allocation}{chapter.4}% 13
\BOOKMARK [1][-]{section.4.4}{Virtual aliases and vmcalls}{chapter.4}% 14
\BOOKMARK [0][-]{chapter.5}{Evaluation}{}% 15
\BOOKMARK [1][-]{section.5.1}{Overview}{chapter.5}% 16
\BOOKMARK [1][-]{section.5.2}{Performance evaluation: SPEC 2006}{chapter.5}% 17
\BOOKMARK [1][-]{section.5.3}{Summary of contributions}{chapter.5}% 18
\BOOKMARK [1][-]{section.5.4}{Limitations and future work}{chapter.5}% 19
\BOOKMARK [1][-]{section.5.5}{Conclusion}{chapter.5}% 20
